name: train
run_id: commands[0]
env COMSPEC: C:\WINDOWS\system32\cmd.exe
env NUMBER_OF_PROCESSORS: 12
env PATHEXT: .COM;.EXE;.BAT;.CMD;.VBS;.VBE;.JS;.JSE;.WSF;.WSH;.MSC
env PROCESSOR_ARCHITECTURE: AMD64
env PROGRAMDATA: C:\ProgramData
env PROGRAMFILES: C:\Program Files
env PROGRAMFILES(X86): C:\Program Files (x86)
env SYSTEMDRIVE: C:
env SYSTEMROOT: C:\WINDOWS
env TEMP: C:\Users\Mayank\AppData\Local\Temp
env TMP: C:\Users\Mayank\AppData\Local\Temp
env USERPROFILE: C:\Users\Mayank
env PATH: C:\Users\Mayank\OneDrive\Desktop\Titanic\Assignment_2\.tox\test_package\Scripts;C:\Users\Mayank\anaconda3;C:\Users\Mayank\anaconda3\Library\mingw-w64\bin;C:\Users\Mayank\anaconda3\Library\usr\bin;C:\Users\Mayank\anaconda3\Library\bin;C:\Users\Mayank\anaconda3\Scripts;C:\Users\Mayank\anaconda3\bin;C:\Users\Mayank\anaconda3\condabin;C:\Windows\system32;C:\Windows;C:\Windows\System32\Wbem;C:\Windows\System32\WindowsPowerShell\v1.0;C:\Windows\System32\OpenSSH;C:\Program Files (x86)\NVIDIA Corporation\PhysX\Common;C:\Program Files\NVIDIA Corporation\NVIDIA NvDLISR;C:\Program Files\dotnet;C:\Program Files\Docker\Docker\resources\bin;C:\ProgramData\DockerDesktop\version-bin;C:\WINDOWS\system32;C:\WINDOWS;C:\WINDOWS\System32\Wbem;C:\WINDOWS\System32\WindowsPowerShell\v1.0;C:\WINDOWS\System32\OpenSSH;C:\Program Files\Git\cmd;C:\Users\Mayank\AppData\Local\Programs\Python\Python310\Scripts;C:\Users\Mayank\AppData\Local\Programs\Python\Python310;C:\Program Files\MySQL\MySQL Shell 8.0\bin;C:\Users\Mayank\AppData\Local\Microsoft\WindowsApps;C:\Users\Mayank\AppData\Local\Programs\Microsoft VS Code\bin;C:\Users\Mayank\AppData\Local\GitHubDesktop\bin
env PIP_DISABLE_PIP_VERSION_CHECK: 1
env PYTHONIOENCODING: utf-8
env PYTHONPATH: .
env PYTHONHASHSEED: 0
env TOX_ENV_NAME: train
env TOX_WORK_DIR: C:\Users\Mayank\OneDrive\Desktop\Titanic\Assignment_2\.tox
env TOX_ENV_DIR: C:\Users\Mayank\OneDrive\Desktop\Titanic\Assignment_2\.tox\test_package
env VIRTUAL_ENV: C:\Users\Mayank\OneDrive\Desktop\Titanic\Assignment_2\.tox\test_package
env COLUMNS: 156
env LINES: 40
metadata pid: 17404
cwd: C:\Users\Mayank\OneDrive\Desktop\Titanic\Assignment_2
allow: C:\Users\Mayank\OneDrive\Desktop\Titanic\Assignment_2\.tox\test_package\Scripts\*
cmd: python classification_model/train_pipeline.py
exit_code: 0
